<?xml version="1.0" encoding="UTF-8"?>
<!-- Generated by org.testng.reporters.JUnitXMLReporter -->
<testsuite ignored="0" hostname="Andriis-MacBook-Pro.local" failures="0" tests="3" name="AutoDoc" time="54.921" errors="0" timestamp="2022-06-15T18:41:54 EEST">
  <testcase classname="Tests.AutoDocTest" name="createCar" time="18.113"/>
  <testcase classname="Tests.AutoDocTest" name="editCar" time="26.258"/>
  <testcase classname="Tests.AutoDocTest" name="deleteCar" time="10.497"/>
</testsuite> <!-- AutoDoc -->
