<?xml version="1.0" encoding="UTF-8"?>
<testng-results ignored="0" total="3" passed="3" failed="0" skipped="0">
  <reporter-output>
  </reporter-output>
  <suite started-at="2022-06-15T18:40:59 EEST" name="Testing AutoDoc" finished-at="2022-06-15T18:41:54 EEST" duration-ms="54921">
    <groups>
    </groups>
    <test started-at="2022-06-15T18:40:59 EEST" name="AutoDoc" finished-at="2022-06-15T18:41:54 EEST" duration-ms="54921">
      <class name="Tests.AutoDocTest">
        <test-method is-config="true" signature="setup()[pri:0, instance:Tests.AutoDocTest@45018215]" started-at="2022-06-15T18:40:44 EEST" name="setup" finished-at="2022-06-15T18:40:59 EEST" duration-ms="14190" status="PASS">
          <reporter-output>
          </reporter-output>
        </test-method> <!-- setup -->
        <test-method signature="createCar()[pri:1, instance:Tests.AutoDocTest@45018215]" started-at="2022-06-15T18:40:59 EEST" name="createCar" finished-at="2022-06-15T18:41:17 EEST" duration-ms="18113" status="PASS">
          <reporter-output>
          </reporter-output>
        </test-method> <!-- createCar -->
        <test-method signature="editCar()[pri:2, instance:Tests.AutoDocTest@45018215]" started-at="2022-06-15T18:41:17 EEST" name="editCar" finished-at="2022-06-15T18:41:43 EEST" duration-ms="26258" status="PASS">
          <reporter-output>
          </reporter-output>
        </test-method> <!-- editCar -->
        <test-method signature="deleteCar()[pri:3, instance:Tests.AutoDocTest@45018215]" started-at="2022-06-15T18:41:43 EEST" name="deleteCar" finished-at="2022-06-15T18:41:54 EEST" duration-ms="10497" status="PASS">
          <reporter-output>
          </reporter-output>
        </test-method> <!-- deleteCar -->
        <test-method is-config="true" signature="tearDown()[pri:0, instance:Tests.AutoDocTest@45018215]" started-at="2022-06-15T18:41:54 EEST" name="tearDown" finished-at="2022-06-15T18:41:57 EEST" duration-ms="2730" status="PASS">
          <reporter-output>
          </reporter-output>
        </test-method> <!-- tearDown -->
      </class> <!-- Tests.AutoDocTest -->
    </test> <!-- AutoDoc -->
  </suite> <!-- Testing AutoDoc -->
</testng-results>
